[2022-05-30 06:16:06] local.ERROR: SQLSTATE[HY000] [2002] php_network_getaddresses: getaddrinfo failed: No such host is known.  (SQL: select * from information_schema.tables where table_schema = qrmenu and table_name = migrations and table_type = 'BASE TABLE') {"exception":"[object] (Illuminate\\Database\\QueryException(code: 2002): SQLSTATE[HY000] [2002] php_network_getaddresses: getaddrinfo failed: No such host is known.  (SQL: select * from information_schema.tables where table_schema = qrmenu and table_name = migrations and table_type = 'BASE TABLE') at E:\\FDM Downloads\\2022-05-30\\codecanyon-JLlN8pi2-qr-menu-maker-saas-contactless-restaurant-menus\\vendor\\laravel\\framework\\src\\Illuminate\\Database\\Connection.php:678)
[stacktrace]
#0 E:\\FDM Downloads\\2022-05-30\\codecanyon-JLlN8pi2-qr-menu-maker-saas-contactless-restaurant-menus\\vendor\\laravel\\framework\\src\\Illuminate\\Database\\Connection.php(638): Illuminate\\Database\\Connection->runQueryCallback('select * from i...', Array, Object(Closure))
#1 E:\\FDM Downloads\\2022-05-30\\codecanyon-JLlN8pi2-qr-menu-maker-saas-contactless-restaurant-menus\\vendor\\laravel\\framework\\src\\Illuminate\\Database\\Connection.php(346): Illuminate\\Database\\Connection->run('select * from i...', Array, Object(Closure))
#2 E:\\FDM Downloads\\2022-05-30\\codecanyon-JLlN8pi2-qr-menu-maker-saas-contactless-restaurant-menus\\vendor\\laravel\\framework\\src\\Illuminate\\Database\\Schema\\MySqlBuilder.php(44): Illuminate\\Database\\Connection->select('select * from i...', Array)
#3 E:\\FDM Downloads\\2022-05-30\\codecanyon-JLlN8pi2-qr-menu-maker-saas-contactless-restaurant-menus\\vendor\\laravel\\framework\\src\\Illuminate\\Database\\Migrations\\DatabaseMigrationRepository.php(169): Illuminate\\Database\\Schema\\MySqlBuilder->hasTable('migrations')
#4 E:\\FDM Downloads\\2022-05-30\\codecanyon-JLlN8pi2-qr-menu-maker-saas-contactless-restaurant-menus\\vendor\\laravel\\framework\\src\\Illuminate\\Database\\Migrations\\Migrator.php(608): Illuminate\\Database\\Migrations\\DatabaseMigrationRepository->repositoryExists()
#5 E:\\FDM Downloads\\2022-05-30\\codecanyon-JLlN8pi2-qr-menu-maker-saas-contactless-restaurant-menus\\vendor\\laravel\\framework\\src\\Illuminate\\Database\\Console\\Migrations\\MigrateCommand.php(106): Illuminate\\Database\\Migrations\\Migrator->repositoryExists()
#6 E:\\FDM Downloads\\2022-05-30\\codecanyon-JLlN8pi2-qr-menu-maker-saas-contactless-restaurant-menus\\vendor\\laravel\\framework\\src\\Illuminate\\Database\\Console\\Migrations\\MigrateCommand.php(77): Illuminate\\Database\\Console\\Migrations\\MigrateCommand->prepareDatabase()
#7 E:\\FDM Downloads\\2022-05-30\\codecanyon-JLlN8pi2-qr-menu-maker-saas-contactless-restaurant-menus\\vendor\\laravel\\framework\\src\\Illuminate\\Database\\Migrations\\Migrator.php(541): Illuminate\\Database\\Console\\Migrations\\MigrateCommand->Illuminate\\Database\\Console\\Migrations\\{closure}()
#8 E:\\FDM Downloads\\2022-05-30\\codecanyon-JLlN8pi2-qr-menu-maker-saas-contactless-restaurant-menus\\vendor\\laravel\\framework\\src\\Illuminate\\Database\\Console\\Migrations\\MigrateCommand.php(94): Illuminate\\Database\\Migrations\\Migrator->usingConnection(NULL, Object(Closure))
#9 E:\\FDM Downloads\\2022-05-30\\codecanyon-JLlN8pi2-qr-menu-maker-saas-contactless-restaurant-menus\\vendor\\laravel\\framework\\src\\Illuminate\\Container\\BoundMethod.php(36): Illuminate\\Database\\Console\\Migrations\\MigrateCommand->handle()
#10 E:\\FDM Downloads\\2022-05-30\\codecanyon-JLlN8pi2-qr-menu-maker-saas-contactless-restaurant-menus\\vendor\\laravel\\framework\\src\\Illuminate\\Container\\Util.php(40): Illuminate\\Container\\BoundMethod::Illuminate\\Container\\{closure}()
#11 E:\\FDM Downloads\\2022-05-30\\codecanyon-JLlN8pi2-qr-menu-maker-saas-contactless-restaurant-menus\\vendor\\laravel\\framework\\src\\Illuminate\\Container\\BoundMethod.php(93): Illuminate\\Container\\Util::unwrapIfClosure(Object(Closure))
#12 E:\\FDM Downloads\\2022-05-30\\codecanyon-JLlN8pi2-qr-menu-maker-saas-contactless-restaurant-menus\\vendor\\laravel\\framework\\src\\Illuminate\\Container\\BoundMethod.php(37): Illuminate\\Container\\BoundMethod::callBoundMethod(Object(Illuminate\\Foundation\\Application), Array, Object(Closure))
#13 E:\\FDM Downloads\\2022-05-30\\codecanyon-JLlN8pi2-qr-menu-maker-saas-contactless-restaurant-menus\\vendor\\laravel\\framework\\src\\Illuminate\\Container\\Container.php(610): Illuminate\\Container\\BoundMethod::call(Object(Illuminate\\Foundation\\Application), Array, Array, NULL)
#14 E:\\FDM Downloads\\2022-05-30\\codecanyon-JLlN8pi2-qr-menu-maker-saas-contactless-restaurant-menus\\vendor\\laravel\\framework\\src\\Illuminate\\Console\\Command.php(136): Illuminate\\Container\\Container->call(Array)
#15 E:\\FDM Downloads\\2022-05-30\\codecanyon-JLlN8pi2-qr-menu-maker-saas-contactless-restaurant-menus\\vendor\\symfony\\console\\Command\\Command.php(256): Illuminate\\Console\\Command->execute(Object(Symfony\\Component\\Console\\Input\\ArgvInput), Object(Illuminate\\Console\\OutputStyle))
#16 E:\\FDM Downloads\\2022-05-30\\codecanyon-JLlN8pi2-qr-menu-maker-saas-contactless-restaurant-menus\\vendor\\laravel\\framework\\src\\Illuminate\\Console\\Command.php(121): Symfony\\Component\\Console\\Command\\Command->run(Object(Symfony\\Component\\Console\\Input\\ArgvInput), Object(Illuminate\\Console\\OutputStyle))
#17 E:\\FDM Downloads\\2022-05-30\\codecanyon-JLlN8pi2-qr-menu-maker-saas-contactless-restaurant-menus\\vendor\\symfony\\console\\Application.php(971): Illuminate\\Console\\Command->run(Object(Symfony\\Component\\Console\\Input\\ArgvInput), Object(Symfony\\Component\\Console\\Output\\ConsoleOutput))
#18 E:\\FDM Downloads\\2022-05-30\\codecanyon-JLlN8pi2-qr-menu-maker-saas-contactless-restaurant-menus\\vendor\\symfony\\console\\Application.php(290): Symfony\\Component\\Console\\Application->doRunCommand(Object(Illuminate\\Database\\Console\\Migrations\\MigrateCommand), Object(Symfony\\Component\\Console\\Input\\ArgvInput), Object(Symfony\\Component\\Console\\Output\\ConsoleOutput))
#19 E:\\FDM Downloads\\2022-05-30\\codecanyon-JLlN8pi2-qr-menu-maker-saas-contactless-restaurant-menus\\vendor\\symfony\\console\\Application.php(166): Symfony\\Component\\Console\\Application->doRun(Object(Symfony\\Component\\Console\\Input\\ArgvInput), Object(Symfony\\Component\\Console\\Output\\ConsoleOutput))
#20 E:\\FDM Downloads\\2022-05-30\\codecanyon-JLlN8pi2-qr-menu-maker-saas-contactless-restaurant-menus\\vendor\\laravel\\framework\\src\\Illuminate\\Console\\Application.php(93): Symfony\\Component\\Console\\Application->run(Object(Symfony\\Component\\Console\\Input\\ArgvInput), Object(Symfony\\Component\\Console\\Output\\ConsoleOutput))
#21 E:\\FDM Downloads\\2022-05-30\\codecanyon-JLlN8pi2-qr-menu-maker-saas-contactless-restaurant-menus\\vendor\\laravel\\framework\\src\\Illuminate\\Foundation\\Console\\Kernel.php(129): Illuminate\\Console\\Application->run(Object(Symfony\\Component\\Console\\Input\\ArgvInput), Object(Symfony\\Component\\Console\\Output\\ConsoleOutput))
#22 E:\\FDM Downloads\\2022-05-30\\codecanyon-JLlN8pi2-qr-menu-maker-saas-contactless-restaurant-menus\\artisan(37): Illuminate\\Foundation\\Console\\Kernel->handle(Object(Symfony\\Component\\Console\\Input\\ArgvInput), Object(Symfony\\Component\\Console\\Output\\ConsoleOutput))
#23 {main}

[previous exception] [object] (Doctrine\\DBAL\\Driver\\PDO\\Exception(code: 2002): SQLSTATE[HY000] [2002] php_network_getaddresses: getaddrinfo failed: No such host is known.  at E:\\FDM Downloads\\2022-05-30\\codecanyon-JLlN8pi2-qr-menu-maker-saas-contactless-restaurant-menus\\vendor\\doctrine\\dbal\\lib\\Doctrine\\DBAL\\Driver\\PDO\\Exception.php:18)
[stacktrace]
#0 E:\\FDM Downloads\\2022-05-30\\codecanyon-JLlN8pi2-qr-menu-maker-saas-contactless-restaurant-menus\\vendor\\doctrine\\dbal\\lib\\Doctrine\\DBAL\\Driver\\PDOConnection.php(42): Doctrine\\DBAL\\Driver\\PDO\\Exception::new(Object(PDOException))
#1 E:\\FDM Downloads\\2022-05-30\\codecanyon-JLlN8pi2-qr-menu-maker-saas-contactless-restaurant-menus\\vendor\\laravel\\framework\\src\\Illuminate\\Database\\Connectors\\Connector.php(67): Doctrine\\DBAL\\Driver\\PDOConnection->__construct('mysql:host=mysq...', 'root', '', Array)
#2 E:\\FDM Downloads\\2022-05-30\\codecanyon-JLlN8pi2-qr-menu-maker-saas-contactless-restaurant-menus\\vendor\\laravel\\framework\\src\\Illuminate\\Database\\Connectors\\Connector.php(46): Illuminate\\Database\\Connectors\\Connector->createPdoConnection('mysql:host=mysq...', 'root', '', Array)
#3 E:\\FDM Downloads\\2022-05-30\\codecanyon-JLlN8pi2-qr-menu-maker-saas-contactless-restaurant-menus\\vendor\\laravel\\framework\\src\\Illuminate\\Database\\Connectors\\MySqlConnector.php(24): Illuminate\\Database\\Connectors\\Connector->createConnection('mysql:host=mysq...', Array, Array)
#4 E:\\FDM Downloads\\2022-05-30\\codecanyon-JLlN8pi2-qr-menu-maker-saas-contactless-restaurant-menus\\vendor\\laravel\\framework\\src\\Illuminate\\Database\\Connectors\\ConnectionFactory.php(184): Illuminate\\Database\\Connectors\\MySqlConnector->connect(Array)
#5 [internal function]: Illuminate\\Database\\Connectors\\ConnectionFactory->Illuminate\\Database\\Connectors\\{closure}()
#6 E:\\FDM Downloads\\2022-05-30\\codecanyon-JLlN8pi2-qr-menu-maker-saas-contactless-restaurant-menus\\vendor\\laravel\\framework\\src\\Illuminate\\Database\\Connection.php(939): call_user_func(Object(Closure))
#7 E:\\FDM Downloads\\2022-05-30\\codecanyon-JLlN8pi2-qr-menu-maker-saas-contactless-restaurant-menus\\vendor\\laravel\\framework\\src\\Illuminate\\Database\\Connection.php(974): Illuminate\\Database\\Connection->getPdo()
#8 E:\\FDM Downloads\\2022-05-30\\codecanyon-JLlN8pi2-qr-menu-maker-saas-contactless-restaurant-menus\\vendor\\laravel\\framework\\src\\Illuminate\\Database\\Connection.php(412): Illuminate\\Database\\Connection->getReadPdo()
#9 E:\\FDM Downloads\\2022-05-30\\codecanyon-JLlN8pi2-qr-menu-maker-saas-contactless-restaurant-menus\\vendor\\laravel\\framework\\src\\Illuminate\\Database\\Connection.php(338): Illuminate\\Database\\Connection->getPdoForSelect(true)
#10 E:\\FDM Downloads\\2022-05-30\\codecanyon-JLlN8pi2-qr-menu-maker-saas-contactless-restaurant-menus\\vendor\\laravel\\framework\\src\\Illuminate\\Database\\Connection.php(671): Illuminate\\Database\\Connection->Illuminate\\Database\\{closure}('select * from i...', Array)
#11 E:\\FDM Downloads\\2022-05-30\\codecanyon-JLlN8pi2-qr-menu-maker-saas-contactless-restaurant-menus\\vendor\\laravel\\framework\\src\\Illuminate\\Database\\Connection.php(638): Illuminate\\Database\\Connection->runQueryCallback('select * from i...', Array, Object(Closure))
#12 E:\\FDM Downloads\\2022-05-30\\codecanyon-JLlN8pi2-qr-menu-maker-saas-contactless-restaurant-menus\\vendor\\laravel\\framework\\src\\Illuminate\\Database\\Connection.php(346): Illuminate\\Database\\Connection->run('select * from i...', Array, Object(Closure))
#13 E:\\FDM Downloads\\2022-05-30\\codecanyon-JLlN8pi2-qr-menu-maker-saas-contactless-restaurant-menus\\vendor\\laravel\\framework\\src\\Illuminate\\Database\\Schema\\MySqlBuilder.php(44): Illuminate\\Database\\Connection->select('select * from i...', Array)
#14 E:\\FDM Downloads\\2022-05-30\\codecanyon-JLlN8pi2-qr-menu-maker-saas-contactless-restaurant-menus\\vendor\\laravel\\framework\\src\\Illuminate\\Database\\Migrations\\DatabaseMigrationRepository.php(169): Illuminate\\Database\\Schema\\MySqlBuilder->hasTable('migrations')
#15 E:\\FDM Downloads\\2022-05-30\\codecanyon-JLlN8pi2-qr-menu-maker-saas-contactless-restaurant-menus\\vendor\\laravel\\framework\\src\\Illuminate\\Database\\Migrations\\Migrator.php(608): Illuminate\\Database\\Migrations\\DatabaseMigrationRepository->repositoryExists()
#16 E:\\FDM Downloads\\2022-05-30\\codecanyon-JLlN8pi2-qr-menu-maker-saas-contactless-restaurant-menus\\vendor\\laravel\\framework\\src\\Illuminate\\Database\\Console\\Migrations\\MigrateCommand.php(106): Illuminate\\Database\\Migrations\\Migrator->repositoryExists()
#17 E:\\FDM Downloads\\2022-05-30\\codecanyon-JLlN8pi2-qr-menu-maker-saas-contactless-restaurant-menus\\vendor\\laravel\\framework\\src\\Illuminate\\Database\\Console\\Migrations\\MigrateCommand.php(77): Illuminate\\Database\\Console\\Migrations\\MigrateCommand->prepareDatabase()
#18 E:\\FDM Downloads\\2022-05-30\\codecanyon-JLlN8pi2-qr-menu-maker-saas-contactless-restaurant-menus\\vendor\\laravel\\framework\\src\\Illuminate\\Database\\Migrations\\Migrator.php(541): Illuminate\\Database\\Console\\Migrations\\MigrateCommand->Illuminate\\Database\\Console\\Migrations\\{closure}()
#19 E:\\FDM Downloads\\2022-05-30\\codecanyon-JLlN8pi2-qr-menu-maker-saas-contactless-restaurant-menus\\vendor\\laravel\\framework\\src\\Illuminate\\Database\\Console\\Migrations\\MigrateCommand.php(94): Illuminate\\Database\\Migrations\\Migrator->usingConnection(NULL, Object(Closure))
#20 E:\\FDM Downloads\\2022-05-30\\codecanyon-JLlN8pi2-qr-menu-maker-saas-contactless-restaurant-menus\\vendor\\laravel\\framework\\src\\Illuminate\\Container\\BoundMethod.php(36): Illuminate\\Database\\Console\\Migrations\\MigrateCommand->handle()
#21 E:\\FDM Downloads\\2022-05-30\\codecanyon-JLlN8pi2-qr-menu-maker-saas-contactless-restaurant-menus\\vendor\\laravel\\framework\\src\\Illuminate\\Container\\Util.php(40): Illuminate\\Container\\BoundMethod::Illuminate\\Container\\{closure}()
#22 E:\\FDM Downloads\\2022-05-30\\codecanyon-JLlN8pi2-qr-menu-maker-saas-contactless-restaurant-menus\\vendor\\laravel\\framework\\src\\Illuminate\\Container\\BoundMethod.php(93): Illuminate\\Container\\Util::unwrapIfClosure(Object(Closure))
#23 E:\\FDM Downloads\\2022-05-30\\codecanyon-JLlN8pi2-qr-menu-maker-saas-contactless-restaurant-menus\\vendor\\laravel\\framework\\src\\Illuminate\\Container\\BoundMethod.php(37): Illuminate\\Container\\BoundMethod::callBoundMethod(Object(Illuminate\\Foundation\\Application), Array, Object(Closure))
#24 E:\\FDM Downloads\\2022-05-30\\codecanyon-JLlN8pi2-qr-menu-maker-saas-contactless-restaurant-menus\\vendor\\laravel\\framework\\src\\Illuminate\\Container\\Container.php(610): Illuminate\\Container\\BoundMethod::call(Object(Illuminate\\Foundation\\Application), Array, Array, NULL)
#25 E:\\FDM Downloads\\2022-05-30\\codecanyon-JLlN8pi2-qr-menu-maker-saas-contactless-restaurant-menus\\vendor\\laravel\\framework\\src\\Illuminate\\Console\\Command.php(136): Illuminate\\Container\\Container->call(Array)
#26 E:\\FDM Downloads\\2022-05-30\\codecanyon-JLlN8pi2-qr-menu-maker-saas-contactless-restaurant-menus\\vendor\\symfony\\console\\Command\\Command.php(256): Illuminate\\Console\\Command->execute(Object(Symfony\\Component\\Console\\Input\\ArgvInput), Object(Illuminate\\Console\\OutputStyle))
#27 E:\\FDM Downloads\\2022-05-30\\codecanyon-JLlN8pi2-qr-menu-maker-saas-contactless-restaurant-menus\\vendor\\laravel\\framework\\src\\Illuminate\\Console\\Command.php(121): Symfony\\Component\\Console\\Command\\Command->run(Object(Symfony\\Component\\Console\\Input\\ArgvInput), Object(Illuminate\\Console\\OutputStyle))
#28 E:\\FDM Downloads\\2022-05-30\\codecanyon-JLlN8pi2-qr-menu-maker-saas-contactless-restaurant-menus\\vendor\\symfony\\console\\Application.php(971): Illuminate\\Console\\Command->run(Object(Symfony\\Component\\Console\\Input\\ArgvInput), Object(Symfony\\Component\\Console\\Output\\ConsoleOutput))
#29 E:\\FDM Downloads\\2022-05-30\\codecanyon-JLlN8pi2-qr-menu-maker-saas-contactless-restaurant-menus\\vendor\\symfony\\console\\Application.php(290): Symfony\\Component\\Console\\Application->doRunCommand(Object(Illuminate\\Database\\Console\\Migrations\\MigrateCommand), Object(Symfony\\Component\\Console\\Input\\ArgvInput), Object(Symfony\\Component\\Console\\Output\\ConsoleOutput))
#30 E:\\FDM Downloads\\2022-05-30\\codecanyon-JLlN8pi2-qr-menu-maker-saas-contactless-restaurant-menus\\vendor\\symfony\\console\\Application.php(166): Symfony\\Component\\Console\\Application->doRun(Object(Symfony\\Component\\Console\\Input\\ArgvInput), Object(Symfony\\Component\\Console\\Output\\ConsoleOutput))
#31 E:\\FDM Downloads\\2022-05-30\\codecanyon-JLlN8pi2-qr-menu-maker-saas-contactless-restaurant-menus\\vendor\\laravel\\framework\\src\\Illuminate\\Console\\Application.php(93): Symfony\\Component\\Console\\Application->run(Object(Symfony\\Component\\Console\\Input\\ArgvInput), Object(Symfony\\Component\\Console\\Output\\ConsoleOutput))
#32 E:\\FDM Downloads\\2022-05-30\\codecanyon-JLlN8pi2-qr-menu-maker-saas-contactless-restaurant-menus\\vendor\\laravel\\framework\\src\\Illuminate\\Foundation\\Console\\Kernel.php(129): Illuminate\\Console\\Application->run(Object(Symfony\\Component\\Console\\Input\\ArgvInput), Object(Symfony\\Component\\Console\\Output\\ConsoleOutput))
#33 E:\\FDM Downloads\\2022-05-30\\codecanyon-JLlN8pi2-qr-menu-maker-saas-contactless-restaurant-menus\\artisan(37): Illuminate\\Foundation\\Console\\Kernel->handle(Object(Symfony\\Component\\Console\\Input\\ArgvInput), Object(Symfony\\Component\\Console\\Output\\ConsoleOutput))
#34 {main}

[previous exception] [object] (PDOException(code: 2002): SQLSTATE[HY000] [2002] php_network_getaddresses: getaddrinfo failed: No such host is known.  at E:\\FDM Downloads\\2022-05-30\\codecanyon-JLlN8pi2-qr-menu-maker-saas-contactless-restaurant-menus\\vendor\\doctrine\\dbal\\lib\\Doctrine\\DBAL\\Driver\\PDOConnection.php:38)
[stacktrace]
#0 E:\\FDM Downloads\\2022-05-30\\codecanyon-JLlN8pi2-qr-menu-maker-saas-contactless-restaurant-menus\\vendor\\doctrine\\dbal\\lib\\Doctrine\\DBAL\\Driver\\PDOConnection.php(38): PDO->__construct('mysql:host=mysq...', 'root', '', Array)
#1 E:\\FDM Downloads\\2022-05-30\\codecanyon-JLlN8pi2-qr-menu-maker-saas-contactless-restaurant-menus\\vendor\\laravel\\framework\\src\\Illuminate\\Database\\Connectors\\Connector.php(67): Doctrine\\DBAL\\Driver\\PDOConnection->__construct('mysql:host=mysq...', 'root', '', Array)
#2 E:\\FDM Downloads\\2022-05-30\\codecanyon-JLlN8pi2-qr-menu-maker-saas-contactless-restaurant-menus\\vendor\\laravel\\framework\\src\\Illuminate\\Database\\Connectors\\Connector.php(46): Illuminate\\Database\\Connectors\\Connector->createPdoConnection('mysql:host=mysq...', 'root', '', Array)
#3 E:\\FDM Downloads\\2022-05-30\\codecanyon-JLlN8pi2-qr-menu-maker-saas-contactless-restaurant-menus\\vendor\\laravel\\framework\\src\\Illuminate\\Database\\Connectors\\MySqlConnector.php(24): Illuminate\\Database\\Connectors\\Connector->createConnection('mysql:host=mysq...', Array, Array)
#4 E:\\FDM Downloads\\2022-05-30\\codecanyon-JLlN8pi2-qr-menu-maker-saas-contactless-restaurant-menus\\vendor\\laravel\\framework\\src\\Illuminate\\Database\\Connectors\\ConnectionFactory.php(184): Illuminate\\Database\\Connectors\\MySqlConnector->connect(Array)
#5 [internal function]: Illuminate\\Database\\Connectors\\ConnectionFactory->Illuminate\\Database\\Connectors\\{closure}()
#6 E:\\FDM Downloads\\2022-05-30\\codecanyon-JLlN8pi2-qr-menu-maker-saas-contactless-restaurant-menus\\vendor\\laravel\\framework\\src\\Illuminate\\Database\\Connection.php(939): call_user_func(Object(Closure))
#7 E:\\FDM Downloads\\2022-05-30\\codecanyon-JLlN8pi2-qr-menu-maker-saas-contactless-restaurant-menus\\vendor\\laravel\\framework\\src\\Illuminate\\Database\\Connection.php(974): Illuminate\\Database\\Connection->getPdo()
#8 E:\\FDM Downloads\\2022-05-30\\codecanyon-JLlN8pi2-qr-menu-maker-saas-contactless-restaurant-menus\\vendor\\laravel\\framework\\src\\Illuminate\\Database\\Connection.php(412): Illuminate\\Database\\Connection->getReadPdo()
#9 E:\\FDM Downloads\\2022-05-30\\codecanyon-JLlN8pi2-qr-menu-maker-saas-contactless-restaurant-menus\\vendor\\laravel\\framework\\src\\Illuminate\\Database\\Connection.php(338): Illuminate\\Database\\Connection->getPdoForSelect(true)
#10 E:\\FDM Downloads\\2022-05-30\\codecanyon-JLlN8pi2-qr-menu-maker-saas-contactless-restaurant-menus\\vendor\\laravel\\framework\\src\\Illuminate\\Database\\Connection.php(671): Illuminate\\Database\\Connection->Illuminate\\Database\\{closure}('select * from i...', Array)
#11 E:\\FDM Downloads\\2022-05-30\\codecanyon-JLlN8pi2-qr-menu-maker-saas-contactless-restaurant-menus\\vendor\\laravel\\framework\\src\\Illuminate\\Database\\Connection.php(638): Illuminate\\Database\\Connection->runQueryCallback('select * from i...', Array, Object(Closure))
#12 E:\\FDM Downloads\\2022-05-30\\codecanyon-JLlN8pi2-qr-menu-maker-saas-contactless-restaurant-menus\\vendor\\laravel\\framework\\src\\Illuminate\\Database\\Connection.php(346): Illuminate\\Database\\Connection->run('select * from i...', Array, Object(Closure))
#13 E:\\FDM Downloads\\2022-05-30\\codecanyon-JLlN8pi2-qr-menu-maker-saas-contactless-restaurant-menus\\vendor\\laravel\\framework\\src\\Illuminate\\Database\\Schema\\MySqlBuilder.php(44): Illuminate\\Database\\Connection->select('select * from i...', Array)
#14 E:\\FDM Downloads\\2022-05-30\\codecanyon-JLlN8pi2-qr-menu-maker-saas-contactless-restaurant-menus\\vendor\\laravel\\framework\\src\\Illuminate\\Database\\Migrations\\DatabaseMigrationRepository.php(169): Illuminate\\Database\\Schema\\MySqlBuilder->hasTable('migrations')
#15 E:\\FDM Downloads\\2022-05-30\\codecanyon-JLlN8pi2-qr-menu-maker-saas-contactless-restaurant-menus\\vendor\\laravel\\framework\\src\\Illuminate\\Database\\Migrations\\Migrator.php(608): Illuminate\\Database\\Migrations\\DatabaseMigrationRepository->repositoryExists()
#16 E:\\FDM Downloads\\2022-05-30\\codecanyon-JLlN8pi2-qr-menu-maker-saas-contactless-restaurant-menus\\vendor\\laravel\\framework\\src\\Illuminate\\Database\\Console\\Migrations\\MigrateCommand.php(106): Illuminate\\Database\\Migrations\\Migrator->repositoryExists()
#17 E:\\FDM Downloads\\2022-05-30\\codecanyon-JLlN8pi2-qr-menu-maker-saas-contactless-restaurant-menus\\vendor\\laravel\\framework\\src\\Illuminate\\Database\\Console\\Migrations\\MigrateCommand.php(77): Illuminate\\Database\\Console\\Migrations\\MigrateCommand->prepareDatabase()
#18 E:\\FDM Downloads\\2022-05-30\\codecanyon-JLlN8pi2-qr-menu-maker-saas-contactless-restaurant-menus\\vendor\\laravel\\framework\\src\\Illuminate\\Database\\Migrations\\Migrator.php(541): Illuminate\\Database\\Console\\Migrations\\MigrateCommand->Illuminate\\Database\\Console\\Migrations\\{closure}()
#19 E:\\FDM Downloads\\2022-05-30\\codecanyon-JLlN8pi2-qr-menu-maker-saas-contactless-restaurant-menus\\vendor\\laravel\\framework\\src\\Illuminate\\Database\\Console\\Migrations\\MigrateCommand.php(94): Illuminate\\Database\\Migrations\\Migrator->usingConnection(NULL, Object(Closure))
#20 E:\\FDM Downloads\\2022-05-30\\codecanyon-JLlN8pi2-qr-menu-maker-saas-contactless-restaurant-menus\\vendor\\laravel\\framework\\src\\Illuminate\\Container\\BoundMethod.php(36): Illuminate\\Database\\Console\\Migrations\\MigrateCommand->handle()
#21 E:\\FDM Downloads\\2022-05-30\\codecanyon-JLlN8pi2-qr-menu-maker-saas-contactless-restaurant-menus\\vendor\\laravel\\framework\\src\\Illuminate\\Container\\Util.php(40): Illuminate\\Container\\BoundMethod::Illuminate\\Container\\{closure}()
#22 E:\\FDM Downloads\\2022-05-30\\codecanyon-JLlN8pi2-qr-menu-maker-saas-contactless-restaurant-menus\\vendor\\laravel\\framework\\src\\Illuminate\\Container\\BoundMethod.php(93): Illuminate\\Container\\Util::unwrapIfClosure(Object(Closure))
#23 E:\\FDM Downloads\\2022-05-30\\codecanyon-JLlN8pi2-qr-menu-maker-saas-contactless-restaurant-menus\\vendor\\laravel\\framework\\src\\Illuminate\\Container\\BoundMethod.php(37): Illuminate\\Container\\BoundMethod::callBoundMethod(Object(Illuminate\\Foundation\\Application), Array, Object(Closure))
#24 E:\\FDM Downloads\\2022-05-30\\codecanyon-JLlN8pi2-qr-menu-maker-saas-contactless-restaurant-menus\\vendor\\laravel\\framework\\src\\Illuminate\\Container\\Container.php(610): Illuminate\\Container\\BoundMethod::call(Object(Illuminate\\Foundation\\Application), Array, Array, NULL)
#25 E:\\FDM Downloads\\2022-05-30\\codecanyon-JLlN8pi2-qr-menu-maker-saas-contactless-restaurant-menus\\vendor\\laravel\\framework\\src\\Illuminate\\Console\\Command.php(136): Illuminate\\Container\\Container->call(Array)
#26 E:\\FDM Downloads\\2022-05-30\\codecanyon-JLlN8pi2-qr-menu-maker-saas-contactless-restaurant-menus\\vendor\\symfony\\console\\Command\\Command.php(256): Illuminate\\Console\\Command->execute(Object(Symfony\\Component\\Console\\Input\\ArgvInput), Object(Illuminate\\Console\\OutputStyle))
#27 E:\\FDM Downloads\\2022-05-30\\codecanyon-JLlN8pi2-qr-menu-maker-saas-contactless-restaurant-menus\\vendor\\laravel\\framework\\src\\Illuminate\\Console\\Command.php(121): Symfony\\Component\\Console\\Command\\Command->run(Object(Symfony\\Component\\Console\\Input\\ArgvInput), Object(Illuminate\\Console\\OutputStyle))
#28 E:\\FDM Downloads\\2022-05-30\\codecanyon-JLlN8pi2-qr-menu-maker-saas-contactless-restaurant-menus\\vendor\\symfony\\console\\Application.php(971): Illuminate\\Console\\Command->run(Object(Symfony\\Component\\Console\\Input\\ArgvInput), Object(Symfony\\Component\\Console\\Output\\ConsoleOutput))
#29 E:\\FDM Downloads\\2022-05-30\\codecanyon-JLlN8pi2-qr-menu-maker-saas-contactless-restaurant-menus\\vendor\\symfony\\console\\Application.php(290): Symfony\\Component\\Console\\Application->doRunCommand(Object(Illuminate\\Database\\Console\\Migrations\\MigrateCommand), Object(Symfony\\Component\\Console\\Input\\ArgvInput), Object(Symfony\\Component\\Console\\Output\\ConsoleOutput))
#30 E:\\FDM Downloads\\2022-05-30\\codecanyon-JLlN8pi2-qr-menu-maker-saas-contactless-restaurant-menus\\vendor\\symfony\\console\\Application.php(166): Symfony\\Component\\Console\\Application->doRun(Object(Symfony\\Component\\Console\\Input\\ArgvInput), Object(Symfony\\Component\\Console\\Output\\ConsoleOutput))
#31 E:\\FDM Downloads\\2022-05-30\\codecanyon-JLlN8pi2-qr-menu-maker-saas-contactless-restaurant-menus\\vendor\\laravel\\framework\\src\\Illuminate\\Console\\Application.php(93): Symfony\\Component\\Console\\Application->run(Object(Symfony\\Component\\Console\\Input\\ArgvInput), Object(Symfony\\Component\\Console\\Output\\ConsoleOutput))
#32 E:\\FDM Downloads\\2022-05-30\\codecanyon-JLlN8pi2-qr-menu-maker-saas-contactless-restaurant-menus\\vendor\\laravel\\framework\\src\\Illuminate\\Foundation\\Console\\Kernel.php(129): Illuminate\\Console\\Application->run(Object(Symfony\\Component\\Console\\Input\\ArgvInput), Object(Symfony\\Component\\Console\\Output\\ConsoleOutput))
#33 E:\\FDM Downloads\\2022-05-30\\codecanyon-JLlN8pi2-qr-menu-maker-saas-contactless-restaurant-menus\\artisan(37): Illuminate\\Foundation\\Console\\Kernel->handle(Object(Symfony\\Component\\Console\\Input\\ArgvInput), Object(Symfony\\Component\\Console\\Output\\ConsoleOutput))
#34 {main}

[previous exception] [object] (PDOException(code: 0): PDO::__construct(): php_network_getaddresses: getaddrinfo failed: No such host is known.  at E:\\FDM Downloads\\2022-05-30\\codecanyon-JLlN8pi2-qr-menu-maker-saas-contactless-restaurant-menus\\vendor\\doctrine\\dbal\\lib\\Doctrine\\DBAL\\Driver\\PDOConnection.php:38)
[stacktrace]
#0 E:\\FDM Downloads\\2022-05-30\\codecanyon-JLlN8pi2-qr-menu-maker-saas-contactless-restaurant-menus\\vendor\\doctrine\\dbal\\lib\\Doctrine\\DBAL\\Driver\\PDOConnection.php(38): PDO->__construct('mysql:host=mysq...', 'root', '', Array)
#1 E:\\FDM Downloads\\2022-05-30\\codecanyon-JLlN8pi2-qr-menu-maker-saas-contactless-restaurant-menus\\vendor\\laravel\\framework\\src\\Illuminate\\Database\\Connectors\\Connector.php(67): Doctrine\\DBAL\\Driver\\PDOConnection->__construct('mysql:host=mysq...', 'root', '', Array)
#2 E:\\FDM Downloads\\2022-05-30\\codecanyon-JLlN8pi2-qr-menu-maker-saas-contactless-restaurant-menus\\vendor\\laravel\\framework\\src\\Illuminate\\Database\\Connectors\\Connector.php(46): Illuminate\\Database\\Connectors\\Connector->createPdoConnection('mysql:host=mysq...', 'root', '', Array)
#3 E:\\FDM Downloads\\2022-05-30\\codecanyon-JLlN8pi2-qr-menu-maker-saas-contactless-restaurant-menus\\vendor\\laravel\\framework\\src\\Illuminate\\Database\\Connectors\\MySqlConnector.php(24): Illuminate\\Database\\Connectors\\Connector->createConnection('mysql:host=mysq...', Array, Array)
#4 E:\\FDM Downloads\\2022-05-30\\codecanyon-JLlN8pi2-qr-menu-maker-saas-contactless-restaurant-menus\\vendor\\laravel\\framework\\src\\Illuminate\\Database\\Connectors\\ConnectionFactory.php(184): Illuminate\\Database\\Connectors\\MySqlConnector->connect(Array)
#5 [internal function]: Illuminate\\Database\\Connectors\\ConnectionFactory->Illuminate\\Database\\Connectors\\{closure}()
#6 E:\\FDM Downloads\\2022-05-30\\codecanyon-JLlN8pi2-qr-menu-maker-saas-contactless-restaurant-menus\\vendor\\laravel\\framework\\src\\Illuminate\\Database\\Connection.php(939): call_user_func(Object(Closure))
#7 E:\\FDM Downloads\\2022-05-30\\codecanyon-JLlN8pi2-qr-menu-maker-saas-contactless-restaurant-menus\\vendor\\laravel\\framework\\src\\Illuminate\\Database\\Connection.php(974): Illuminate\\Database\\Connection->getPdo()
#8 E:\\FDM Downloads\\2022-05-30\\codecanyon-JLlN8pi2-qr-menu-maker-saas-contactless-restaurant-menus\\vendor\\laravel\\framework\\src\\Illuminate\\Database\\Connection.php(412): Illuminate\\Database\\Connection->getReadPdo()
#9 E:\\FDM Downloads\\2022-05-30\\codecanyon-JLlN8pi2-qr-menu-maker-saas-contactless-restaurant-menus\\vendor\\laravel\\framework\\src\\Illuminate\\Database\\Connection.php(338): Illuminate\\Database\\Connection->getPdoForSelect(true)
#10 E:\\FDM Downloads\\2022-05-30\\codecanyon-JLlN8pi2-qr-menu-maker-saas-contactless-restaurant-menus\\vendor\\laravel\\framework\\src\\Illuminate\\Database\\Connection.php(671): Illuminate\\Database\\Connection->Illuminate\\Database\\{closure}('select * from i...', Array)
#11 E:\\FDM Downloads\\2022-05-30\\codecanyon-JLlN8pi2-qr-menu-maker-saas-contactless-restaurant-menus\\vendor\\laravel\\framework\\src\\Illuminate\\Database\\Connection.php(638): Illuminate\\Database\\Connection->runQueryCallback('select * from i...', Array, Object(Closure))
#12 E:\\FDM Downloads\\2022-05-30\\codecanyon-JLlN8pi2-qr-menu-maker-saas-contactless-restaurant-menus\\vendor\\laravel\\framework\\src\\Illuminate\\Database\\Connection.php(346): Illuminate\\Database\\Connection->run('select * from i...', Array, Object(Closure))
#13 E:\\FDM Downloads\\2022-05-30\\codecanyon-JLlN8pi2-qr-menu-maker-saas-contactless-restaurant-menus\\vendor\\laravel\\framework\\src\\Illuminate\\Database\\Schema\\MySqlBuilder.php(44): Illuminate\\Database\\Connection->select('select * from i...', Array)
#14 E:\\FDM Downloads\\2022-05-30\\codecanyon-JLlN8pi2-qr-menu-maker-saas-contactless-restaurant-menus\\vendor\\laravel\\framework\\src\\Illuminate\\Database\\Migrations\\DatabaseMigrationRepository.php(169): Illuminate\\Database\\Schema\\MySqlBuilder->hasTable('migrations')
#15 E:\\FDM Downloads\\2022-05-30\\codecanyon-JLlN8pi2-qr-menu-maker-saas-contactless-restaurant-menus\\vendor\\laravel\\framework\\src\\Illuminate\\Database\\Migrations\\Migrator.php(608): Illuminate\\Database\\Migrations\\DatabaseMigrationRepository->repositoryExists()
#16 E:\\FDM Downloads\\2022-05-30\\codecanyon-JLlN8pi2-qr-menu-maker-saas-contactless-restaurant-menus\\vendor\\laravel\\framework\\src\\Illuminate\\Database\\Console\\Migrations\\MigrateCommand.php(106): Illuminate\\Database\\Migrations\\Migrator->repositoryExists()
#17 E:\\FDM Downloads\\2022-05-30\\codecanyon-JLlN8pi2-qr-menu-maker-saas-contactless-restaurant-menus\\vendor\\laravel\\framework\\src\\Illuminate\\Database\\Console\\Migrations\\MigrateCommand.php(77): Illuminate\\Database\\Console\\Migrations\\MigrateCommand->prepareDatabase()
#18 E:\\FDM Downloads\\2022-05-30\\codecanyon-JLlN8pi2-qr-menu-maker-saas-contactless-restaurant-menus\\vendor\\laravel\\framework\\src\\Illuminate\\Database\\Migrations\\Migrator.php(541): Illuminate\\Database\\Console\\Migrations\\MigrateCommand->Illuminate\\Database\\Console\\Migrations\\{closure}()
#19 E:\\FDM Downloads\\2022-05-30\\codecanyon-JLlN8pi2-qr-menu-maker-saas-contactless-restaurant-menus\\vendor\\laravel\\framework\\src\\Illuminate\\Database\\Console\\Migrations\\MigrateCommand.php(94): Illuminate\\Database\\Migrations\\Migrator->usingConnection(NULL, Object(Closure))
#20 E:\\FDM Downloads\\2022-05-30\\codecanyon-JLlN8pi2-qr-menu-maker-saas-contactless-restaurant-menus\\vendor\\laravel\\framework\\src\\Illuminate\\Container\\BoundMethod.php(36): Illuminate\\Database\\Console\\Migrations\\MigrateCommand->handle()
#21 E:\\FDM Downloads\\2022-05-30\\codecanyon-JLlN8pi2-qr-menu-maker-saas-contactless-restaurant-menus\\vendor\\laravel\\framework\\src\\Illuminate\\Container\\Util.php(40): Illuminate\\Container\\BoundMethod::Illuminate\\Container\\{closure}()
#22 E:\\FDM Downloads\\2022-05-30\\codecanyon-JLlN8pi2-qr-menu-maker-saas-contactless-restaurant-menus\\vendor\\laravel\\framework\\src\\Illuminate\\Container\\BoundMethod.php(93): Illuminate\\Container\\Util::unwrapIfClosure(Object(Closure))
#23 E:\\FDM Downloads\\2022-05-30\\codecanyon-JLlN8pi2-qr-menu-maker-saas-contactless-restaurant-menus\\vendor\\laravel\\framework\\src\\Illuminate\\Container\\BoundMethod.php(37): Illuminate\\Container\\BoundMethod::callBoundMethod(Object(Illuminate\\Foundation\\Application), Array, Object(Closure))
#24 E:\\FDM Downloads\\2022-05-30\\codecanyon-JLlN8pi2-qr-menu-maker-saas-contactless-restaurant-menus\\vendor\\laravel\\framework\\src\\Illuminate\\Container\\Container.php(610): Illuminate\\Container\\BoundMethod::call(Object(Illuminate\\Foundation\\Application), Array, Array, NULL)
#25 E:\\FDM Downloads\\2022-05-30\\codecanyon-JLlN8pi2-qr-menu-maker-saas-contactless-restaurant-menus\\vendor\\laravel\\framework\\src\\Illuminate\\Console\\Command.php(136): Illuminate\\Container\\Container->call(Array)
#26 E:\\FDM Downloads\\2022-05-30\\codecanyon-JLlN8pi2-qr-menu-maker-saas-contactless-restaurant-menus\\vendor\\symfony\\console\\Command\\Command.php(256): Illuminate\\Console\\Command->execute(Object(Symfony\\Component\\Console\\Input\\ArgvInput), Object(Illuminate\\Console\\OutputStyle))
#27 E:\\FDM Downloads\\2022-05-30\\codecanyon-JLlN8pi2-qr-menu-maker-saas-contactless-restaurant-menus\\vendor\\laravel\\framework\\src\\Illuminate\\Console\\Command.php(121): Symfony\\Component\\Console\\Command\\Command->run(Object(Symfony\\Component\\Console\\Input\\ArgvInput), Object(Illuminate\\Console\\OutputStyle))
#28 E:\\FDM Downloads\\2022-05-30\\codecanyon-JLlN8pi2-qr-menu-maker-saas-contactless-restaurant-menus\\vendor\\symfony\\console\\Application.php(971): Illuminate\\Console\\Command->run(Object(Symfony\\Component\\Console\\Input\\ArgvInput), Object(Symfony\\Component\\Console\\Output\\ConsoleOutput))
#29 E:\\FDM Downloads\\2022-05-30\\codecanyon-JLlN8pi2-qr-menu-maker-saas-contactless-restaurant-menus\\vendor\\symfony\\console\\Application.php(290): Symfony\\Component\\Console\\Application->doRunCommand(Object(Illuminate\\Database\\Console\\Migrations\\MigrateCommand), Object(Symfony\\Component\\Console\\Input\\ArgvInput), Object(Symfony\\Component\\Console\\Output\\ConsoleOutput))
#30 E:\\FDM Downloads\\2022-05-30\\codecanyon-JLlN8pi2-qr-menu-maker-saas-contactless-restaurant-menus\\vendor\\symfony\\console\\Application.php(166): Symfony\\Component\\Console\\Application->doRun(Object(Symfony\\Component\\Console\\Input\\ArgvInput), Object(Symfony\\Component\\Console\\Output\\ConsoleOutput))
#31 E:\\FDM Downloads\\2022-05-30\\codecanyon-JLlN8pi2-qr-menu-maker-saas-contactless-restaurant-menus\\vendor\\laravel\\framework\\src\\Illuminate\\Console\\Application.php(93): Symfony\\Component\\Console\\Application->run(Object(Symfony\\Component\\Console\\Input\\ArgvInput), Object(Symfony\\Component\\Console\\Output\\ConsoleOutput))
#32 E:\\FDM Downloads\\2022-05-30\\codecanyon-JLlN8pi2-qr-menu-maker-saas-contactless-restaurant-menus\\vendor\\laravel\\framework\\src\\Illuminate\\Foundation\\Console\\Kernel.php(129): Illuminate\\Console\\Application->run(Object(Symfony\\Component\\Console\\Input\\ArgvInput), Object(Symfony\\Component\\Console\\Output\\ConsoleOutput))
#33 E:\\FDM Downloads\\2022-05-30\\codecanyon-JLlN8pi2-qr-menu-maker-saas-contactless-restaurant-menus\\artisan(37): Illuminate\\Foundation\\Console\\Kernel->handle(Object(Symfony\\Component\\Console\\Input\\ArgvInput), Object(Symfony\\Component\\Console\\Output\\ConsoleOutput))
#34 {main}
"} 
[2022-05-30 06:18:51] local.ERROR: SQLSTATE[HY000] [1049] Unknown database 'laravel' {"exception":"[object] (Doctrine\\DBAL\\Driver\\PDO\\Exception(code: 1049): SQLSTATE[HY000] [1049] Unknown database 'laravel' at E:\\FDM Downloads\\2022-05-30\\codecanyon-JLlN8pi2-qr-menu-maker-saas-contactless-restaurant-menus\\vendor\\doctrine\\dbal\\lib\\Doctrine\\DBAL\\Driver\\PDO\\Exception.php:18)
[stacktrace]
#0 E:\\FDM Downloads\\2022-05-30\\codecanyon-JLlN8pi2-qr-menu-maker-saas-contactless-restaurant-menus\\vendor\\doctrine\\dbal\\lib\\Doctrine\\DBAL\\Driver\\PDOConnection.php(42): Doctrine\\DBAL\\Driver\\PDO\\Exception::new(Object(PDOException))
#1 E:\\FDM Downloads\\2022-05-30\\codecanyon-JLlN8pi2-qr-menu-maker-saas-contactless-restaurant-menus\\vendor\\laravel\\framework\\src\\Illuminate\\Database\\Connectors\\Connector.php(67): Doctrine\\DBAL\\Driver\\PDOConnection->__construct('mysql:host=127....', 'root', '', Array)
#2 E:\\FDM Downloads\\2022-05-30\\codecanyon-JLlN8pi2-qr-menu-maker-saas-contactless-restaurant-menus\\vendor\\laravel\\framework\\src\\Illuminate\\Database\\Connectors\\Connector.php(46): Illuminate\\Database\\Connectors\\Connector->createPdoConnection('mysql:host=127....', 'root', '', Array)
#3 E:\\FDM Downloads\\2022-05-30\\codecanyon-JLlN8pi2-qr-menu-maker-saas-contactless-restaurant-menus\\vendor\\laravel\\framework\\src\\Illuminate\\Database\\Connectors\\MySqlConnector.php(24): Illuminate\\Database\\Connectors\\Connector->createConnection('mysql:host=127....', Array, Array)
#4 E:\\FDM Downloads\\2022-05-30\\codecanyon-JLlN8pi2-qr-menu-maker-saas-contactless-restaurant-menus\\vendor\\laravel\\framework\\src\\Illuminate\\Database\\Connectors\\ConnectionFactory.php(184): Illuminate\\Database\\Connectors\\MySqlConnector->connect(Array)
#5 [internal function]: Illuminate\\Database\\Connectors\\ConnectionFactory->Illuminate\\Database\\Connectors\\{closure}()
#6 E:\\FDM Downloads\\2022-05-30\\codecanyon-JLlN8pi2-qr-menu-maker-saas-contactless-restaurant-menus\\vendor\\laravel\\framework\\src\\Illuminate\\Database\\Connection.php(939): call_user_func(Object(Closure))
#7 E:\\FDM Downloads\\2022-05-30\\codecanyon-JLlN8pi2-qr-menu-maker-saas-contactless-restaurant-menus\\vendor\\mobidonia\\laravel-dashboard-installer\\src\\Controllers\\InstallDatabaseController.php(85): Illuminate\\Database\\Connection->getPdo()
#8 E:\\FDM Downloads\\2022-05-30\\codecanyon-JLlN8pi2-qr-menu-maker-saas-contactless-restaurant-menus\\vendor\\laravel\\framework\\src\\Illuminate\\Routing\\Controller.php(54): dacoto\\LaravelInstaller\\Controllers\\InstallDatabaseController->migrations()
#9 E:\\FDM Downloads\\2022-05-30\\codecanyon-JLlN8pi2-qr-menu-maker-saas-contactless-restaurant-menus\\vendor\\laravel\\framework\\src\\Illuminate\\Routing\\ControllerDispatcher.php(45): Illuminate\\Routing\\Controller->callAction('migrations', Array)
#10 E:\\FDM Downloads\\2022-05-30\\codecanyon-JLlN8pi2-qr-menu-maker-saas-contactless-restaurant-menus\\vendor\\laravel\\framework\\src\\Illuminate\\Routing\\Route.php(254): Illuminate\\Routing\\ControllerDispatcher->dispatch(Object(Illuminate\\Routing\\Route), Object(dacoto\\LaravelInstaller\\Controllers\\InstallDatabaseController), 'migrations')
#11 E:\\FDM Downloads\\2022-05-30\\codecanyon-JLlN8pi2-qr-menu-maker-saas-contactless-restaurant-menus\\vendor\\laravel\\framework\\src\\Illuminate\\Routing\\Route.php(197): Illuminate\\Routing\\Route->runController()
#12 E:\\FDM Downloads\\2022-05-30\\codecanyon-JLlN8pi2-qr-menu-maker-saas-contactless-restaurant-menus\\vendor\\laravel\\framework\\src\\Illuminate\\Routing\\Router.php(693): Illuminate\\Routing\\Route->run()
#13 E:\\FDM Downloads\\2022-05-30\\codecanyon-JLlN8pi2-qr-menu-maker-saas-contactless-restaurant-menus\\vendor\\laravel\\framework\\src\\Illuminate\\Pipeline\\Pipeline.php(128): Illuminate\\Routing\\Router->Illuminate\\Routing\\{closure}(Object(Illuminate\\Http\\Request))
#14 E:\\FDM Downloads\\2022-05-30\\codecanyon-JLlN8pi2-qr-menu-maker-saas-contactless-restaurant-menus\\vendor\\mobidonia\\laravel-dashboard-installer\\src\\Middleware\\InstallerMiddleware.php(23): Illuminate\\Pipeline\\Pipeline->Illuminate\\Pipeline\\{closure}(Object(Illuminate\\Http\\Request))
#15 E:\\FDM Downloads\\2022-05-30\\codecanyon-JLlN8pi2-qr-menu-maker-saas-contactless-restaurant-menus\\vendor\\laravel\\framework\\src\\Illuminate\\Pipeline\\Pipeline.php(167): dacoto\\LaravelInstaller\\Middleware\\InstallerMiddleware->handle(Object(Illuminate\\Http\\Request), Object(Closure))
#16 E:\\FDM Downloads\\2022-05-30\\codecanyon-JLlN8pi2-qr-menu-maker-saas-contactless-restaurant-menus\\vendor\\laravel\\framework\\src\\Illuminate\\Routing\\Middleware\\SubstituteBindings.php(50): Illuminate\\Pipeline\\Pipeline->Illuminate\\Pipeline\\{closure}(Object(Illuminate\\Http\\Request))
#17 E:\\FDM Downloads\\2022-05-30\\codecanyon-JLlN8pi2-qr-menu-maker-saas-contactless-restaurant-menus\\vendor\\laravel\\framework\\src\\Illuminate\\Pipeline\\Pipeline.php(167): Illuminate\\Routing\\Middleware\\SubstituteBindings->handle(Object(Illuminate\\Http\\Request), Object(Closure))
#18 E:\\FDM Downloads\\2022-05-30\\codecanyon-JLlN8pi2-qr-menu-maker-saas-contactless-restaurant-menus\\vendor\\laravel\\framework\\src\\Illuminate\\Foundation\\Http\\Middleware\\VerifyCsrfToken.php(78): Illuminate\\Pipeline\\Pipeline->Illuminate\\Pipeline\\{closure}(Object(Illuminate\\Http\\Request))
#19 E:\\FDM Downloads\\2022-05-30\\codecanyon-JLlN8pi2-qr-menu-maker-saas-contactless-restaurant-menus\\vendor\\laravel\\framework\\src\\Illuminate\\Pipeline\\Pipeline.php(167): Illuminate\\Foundation\\Http\\Middleware\\VerifyCsrfToken->handle(Object(Illuminate\\Http\\Request), Object(Closure))
#20 E:\\FDM Downloads\\2022-05-30\\codecanyon-JLlN8pi2-qr-menu-maker-saas-contactless-restaurant-menus\\vendor\\laravel\\framework\\src\\Illuminate\\View\\Middleware\\ShareErrorsFromSession.php(49): Illuminate\\Pipeline\\Pipeline->Illuminate\\Pipeline\\{closure}(Object(Illuminate\\Http\\Request))
#21 E:\\FDM Downloads\\2022-05-30\\codecanyon-JLlN8pi2-qr-menu-maker-saas-contactless-restaurant-menus\\vendor\\laravel\\framework\\src\\Illuminate\\Pipeline\\Pipeline.php(167): Illuminate\\View\\Middleware\\ShareErrorsFromSession->handle(Object(Illuminate\\Http\\Request), Object(Closure))
#22 E:\\FDM Downloads\\2022-05-30\\codecanyon-JLlN8pi2-qr-menu-maker-saas-contactless-restaurant-menus\\app\\Http\\Middleware\\Language.php(31): Illuminate\\Pipeline\\Pipeline->Illuminate\\Pipeline\\{closure}(Object(Illuminate\\Http\\Request))
#23 E:\\FDM Downloads\\2022-05-30\\codecanyon-JLlN8pi2-qr-menu-maker-saas-contactless-restaurant-menus\\vendor\\laravel\\framework\\src\\Illuminate\\Pipeline\\Pipeline.php(167): App\\Http\\Middleware\\Language->handle(Object(Illuminate\\Http\\Request), Object(Closure))
#24 E:\\FDM Downloads\\2022-05-30\\codecanyon-JLlN8pi2-qr-menu-maker-saas-contactless-restaurant-menus\\vendor\\laravel\\framework\\src\\Illuminate\\Session\\Middleware\\StartSession.php(121): Illuminate\\Pipeline\\Pipeline->Illuminate\\Pipeline\\{closure}(Object(Illuminate\\Http\\Request))
#25 E:\\FDM Downloads\\2022-05-30\\codecanyon-JLlN8pi2-qr-menu-maker-saas-contactless-restaurant-menus\\vendor\\laravel\\framework\\src\\Illuminate\\Session\\Middleware\\StartSession.php(63): Illuminate\\Session\\Middleware\\StartSession->handleStatefulRequest(Object(Illuminate\\Http\\Request), Object(Illuminate\\Session\\Store), Object(Closure))
#26 E:\\FDM Downloads\\2022-05-30\\codecanyon-JLlN8pi2-qr-menu-maker-saas-contactless-restaurant-menus\\vendor\\laravel\\framework\\src\\Illuminate\\Pipeline\\Pipeline.php(167): Illuminate\\Session\\Middleware\\StartSession->handle(Object(Illuminate\\Http\\Request), Object(Closure))
#27 E:\\FDM Downloads\\2022-05-30\\codecanyon-JLlN8pi2-qr-menu-maker-saas-contactless-restaurant-menus\\vendor\\laravel\\framework\\src\\Illuminate\\Cookie\\Middleware\\AddQueuedCookiesToResponse.php(37): Illuminate\\Pipeline\\Pipeline->Illuminate\\Pipeline\\{closure}(Object(Illuminate\\Http\\Request))
#28 E:\\FDM Downloads\\2022-05-30\\codecanyon-JLlN8pi2-qr-menu-maker-saas-contactless-restaurant-menus\\vendor\\laravel\\framework\\src\\Illuminate\\Pipeline\\Pipeline.php(167): Illuminate\\Cookie\\Middleware\\AddQueuedCookiesToResponse->handle(Object(Illuminate\\Http\\Request), Object(Closure))
#29 E:\\FDM Downloads\\2022-05-30\\codecanyon-JLlN8pi2-qr-menu-maker-saas-contactless-restaurant-menus\\vendor\\laravel\\framework\\src\\Illuminate\\Cookie\\Middleware\\EncryptCookies.php(67): Illuminate\\Pipeline\\Pipeline->Illuminate\\Pipeline\\{closure}(Object(Illuminate\\Http\\Request))
#30 E:\\FDM Downloads\\2022-05-30\\codecanyon-JLlN8pi2-qr-menu-maker-saas-contactless-restaurant-menus\\vendor\\laravel\\framework\\src\\Illuminate\\Pipeline\\Pipeline.php(167): Illuminate\\Cookie\\Middleware\\EncryptCookies->handle(Object(Illuminate\\Http\\Request), Object(Closure))
#31 E:\\FDM Downloads\\2022-05-30\\codecanyon-JLlN8pi2-qr-menu-maker-saas-contactless-restaurant-menus\\vendor\\mobidonia\\laravel-dashboard-installer\\src\\Middleware\\ToInstallMiddleware.php(23): Illuminate\\Pipeline\\Pipeline->Illuminate\\Pipeline\\{closure}(Object(Illuminate\\Http\\Request))
#32 E:\\FDM Downloads\\2022-05-30\\codecanyon-JLlN8pi2-qr-menu-maker-saas-contactless-restaurant-menus\\vendor\\laravel\\framework\\src\\Illuminate\\Pipeline\\Pipeline.php(167): dacoto\\LaravelInstaller\\Middleware\\ToInstallMiddleware->handle(Object(Illuminate\\Http\\Request), Object(Closure))
#33 E:\\FDM Downloads\\2022-05-30\\codecanyon-JLlN8pi2-qr-menu-maker-saas-contactless-restaurant-menus\\vendor\\laravel\\framework\\src\\Illuminate\\Pipeline\\Pipeline.php(103): Illuminate\\Pipeline\\Pipeline->Illuminate\\Pipeline\\{closure}(Object(Illuminate\\Http\\Request))
#34 E:\\FDM Downloads\\2022-05-30\\codecanyon-JLlN8pi2-qr-menu-maker-saas-contactless-restaurant-menus\\vendor\\laravel\\framework\\src\\Illuminate\\Routing\\Router.php(695): Illuminate\\Pipeline\\Pipeline->then(Object(Closure))
#35 E:\\FDM Downloads\\2022-05-30\\codecanyon-JLlN8pi2-qr-menu-maker-saas-contactless-restaurant-menus\\vendor\\laravel\\framework\\src\\Illuminate\\Routing\\Router.php(670): Illuminate\\Routing\\Router->runRouteWithinStack(Object(Illuminate\\Routing\\Route), Object(Illuminate\\Http\\Request))
#36 E:\\FDM Downloads\\2022-05-30\\codecanyon-JLlN8pi2-qr-menu-maker-saas-contactless-restaurant-menus\\vendor\\laravel\\framework\\src\\Illuminate\\Routing\\Router.php(636): Illuminate\\Routing\\Router->runRoute(Object(Illuminate\\Http\\Request), Object(Illuminate\\Routing\\Route))
#37 E:\\FDM Downloads\\2022-05-30\\codecanyon-JLlN8pi2-qr-menu-maker-saas-contactless-restaurant-menus\\vendor\\laravel\\framework\\src\\Illuminate\\Routing\\Router.php(625): Illuminate\\Routing\\Router->dispatchToRoute(Object(Illuminate\\Http\\Request))
#38 E:\\FDM Downloads\\2022-05-30\\codecanyon-JLlN8pi2-qr-menu-maker-saas-contactless-restaurant-menus\\vendor\\laravel\\framework\\src\\Illuminate\\Foundation\\Http\\Kernel.php(166): Illuminate\\Routing\\Router->dispatch(Object(Illuminate\\Http\\Request))
#39 E:\\FDM Downloads\\2022-05-30\\codecanyon-JLlN8pi2-qr-menu-maker-saas-contactless-restaurant-menus\\vendor\\laravel\\framework\\src\\Illuminate\\Pipeline\\Pipeline.php(128): Illuminate\\Foundation\\Http\\Kernel->Illuminate\\Foundation\\Http\\{closure}(Object(Illuminate\\Http\\Request))
#40 E:\\FDM Downloads\\2022-05-30\\codecanyon-JLlN8pi2-qr-menu-maker-saas-contactless-restaurant-menus\\vendor\\barryvdh\\laravel-debugbar\\src\\Middleware\\InjectDebugbar.php(60): Illuminate\\Pipeline\\Pipeline->Illuminate\\Pipeline\\{closure}(Object(Illuminate\\Http\\Request))
#41 E:\\FDM Downloads\\2022-05-30\\codecanyon-JLlN8pi2-qr-menu-maker-saas-contactless-restaurant-menus\\vendor\\laravel\\framework\\src\\Illuminate\\Pipeline\\Pipeline.php(167): Barryvdh\\Debugbar\\Middleware\\InjectDebugbar->handle(Object(Illuminate\\Http\\Request), Object(Closure))
#42 E:\\FDM Downloads\\2022-05-30\\codecanyon-JLlN8pi2-qr-menu-maker-saas-contactless-restaurant-menus\\vendor\\laravel\\framework\\src\\Illuminate\\Foundation\\Http\\Middleware\\TransformsRequest.php(21): Illuminate\\Pipeline\\Pipeline->Illuminate\\Pipeline\\{closure}(Object(Illuminate\\Http\\Request))
#43 E:\\FDM Downloads\\2022-05-30\\codecanyon-JLlN8pi2-qr-menu-maker-saas-contactless-restaurant-menus\\vendor\\laravel\\framework\\src\\Illuminate\\Pipeline\\Pipeline.php(167): Illuminate\\Foundation\\Http\\Middleware\\TransformsRequest->handle(Object(Illuminate\\Http\\Request), Object(Closure))
#44 E:\\FDM Downloads\\2022-05-30\\codecanyon-JLlN8pi2-qr-menu-maker-saas-contactless-restaurant-menus\\vendor\\laravel\\framework\\src\\Illuminate\\Foundation\\Http\\Middleware\\TransformsRequest.php(21): Illuminate\\Pipeline\\Pipeline->Illuminate\\Pipeline\\{closure}(Object(Illuminate\\Http\\Request))
#45 E:\\FDM Downloads\\2022-05-30\\codecanyon-JLlN8pi2-qr-menu-maker-saas-contactless-restaurant-menus\\vendor\\laravel\\framework\\src\\Illuminate\\Pipeline\\Pipeline.php(167): Illuminate\\Foundation\\Http\\Middleware\\TransformsRequest->handle(Object(Illuminate\\Http\\Request), Object(Closure))
#46 E:\\FDM Downloads\\2022-05-30\\codecanyon-JLlN8pi2-qr-menu-maker-saas-contactless-restaurant-menus\\vendor\\laravel\\framework\\src\\Illuminate\\Foundation\\Http\\Middleware\\ValidatePostSize.php(27): Illuminate\\Pipeline\\Pipeline->Illuminate\\Pipeline\\{closure}(Object(Illuminate\\Http\\Request))
#47 E:\\FDM Downloads\\2022-05-30\\codecanyon-JLlN8pi2-qr-menu-maker-saas-contactless-restaurant-menus\\vendor\\laravel\\framework\\src\\Illuminate\\Pipeline\\Pipeline.php(167): Illuminate\\Foundation\\Http\\Middleware\\ValidatePostSize->handle(Object(Illuminate\\Http\\Request), Object(Closure))
#48 E:\\FDM Downloads\\2022-05-30\\codecanyon-JLlN8pi2-qr-menu-maker-saas-contactless-restaurant-menus\\vendor\\laravel\\framework\\src\\Illuminate\\Foundation\\Http\\Middleware\\PreventRequestsDuringMaintenance.php(86): Illuminate\\Pipeline\\Pipeline->Illuminate\\Pipeline\\{closure}(Object(Illuminate\\Http\\Request))
#49 E:\\FDM Downloads\\2022-05-30\\codecanyon-JLlN8pi2-qr-menu-maker-saas-contactless-restaurant-menus\\vendor\\laravel\\framework\\src\\Illuminate\\Pipeline\\Pipeline.php(167): Illuminate\\Foundation\\Http\\Middleware\\PreventRequestsDuringMaintenance->handle(Object(Illuminate\\Http\\Request), Object(Closure))
#50 E:\\FDM Downloads\\2022-05-30\\codecanyon-JLlN8pi2-qr-menu-maker-saas-contactless-restaurant-menus\\vendor\\fruitcake\\laravel-cors\\src\\HandleCors.php(37): Illuminate\\Pipeline\\Pipeline->Illuminate\\Pipeline\\{closure}(Object(Illuminate\\Http\\Request))
#51 E:\\FDM Downloads\\2022-05-30\\codecanyon-JLlN8pi2-qr-menu-maker-saas-contactless-restaurant-menus\\vendor\\laravel\\framework\\src\\Illuminate\\Pipeline\\Pipeline.php(167): Fruitcake\\Cors\\HandleCors->handle(Object(Illuminate\\Http\\Request), Object(Closure))
#52 E:\\FDM Downloads\\2022-05-30\\codecanyon-JLlN8pi2-qr-menu-maker-saas-contactless-restaurant-menus\\vendor\\fideloper\\proxy\\src\\TrustProxies.php(57): Illuminate\\Pipeline\\Pipeline->Illuminate\\Pipeline\\{closure}(Object(Illuminate\\Http\\Request))
#53 E:\\FDM Downloads\\2022-05-30\\codecanyon-JLlN8pi2-qr-menu-maker-saas-contactless-restaurant-menus\\vendor\\laravel\\framework\\src\\Illuminate\\Pipeline\\Pipeline.php(167): Fideloper\\Proxy\\TrustProxies->handle(Object(Illuminate\\Http\\Request), Object(Closure))
#54 E:\\FDM Downloads\\2022-05-30\\codecanyon-JLlN8pi2-qr-menu-maker-saas-contactless-restaurant-menus\\vendor\\laravel\\framework\\src\\Illuminate\\Pipeline\\Pipeline.php(103): Illuminate\\Pipeline\\Pipeline->Illuminate\\Pipeline\\{closure}(Object(Illuminate\\Http\\Request))
#55 E:\\FDM Downloads\\2022-05-30\\codecanyon-JLlN8pi2-qr-menu-maker-saas-contactless-restaurant-menus\\vendor\\laravel\\framework\\src\\Illuminate\\Foundation\\Http\\Kernel.php(141): Illuminate\\Pipeline\\Pipeline->then(Object(Closure))
#56 E:\\FDM Downloads\\2022-05-30\\codecanyon-JLlN8pi2-qr-menu-maker-saas-contactless-restaurant-menus\\vendor\\laravel\\framework\\src\\Illuminate\\Foundation\\Http\\Kernel.php(110): Illuminate\\Foundation\\Http\\Kernel->sendRequestThroughRouter(Object(Illuminate\\Http\\Request))
#57 E:\\FDM Downloads\\2022-05-30\\codecanyon-JLlN8pi2-qr-menu-maker-saas-contactless-restaurant-menus\\public\\index.php(52): Illuminate\\Foundation\\Http\\Kernel->handle(Object(Illuminate\\Http\\Request))
#58 E:\\FDM Downloads\\2022-05-30\\codecanyon-JLlN8pi2-qr-menu-maker-saas-contactless-restaurant-menus\\server.php(21): require_once('E:\\\\FDM Download...')
#59 {main}

[previous exception] [object] (PDOException(code: 1049): SQLSTATE[HY000] [1049] Unknown database 'laravel' at E:\\FDM Downloads\\2022-05-30\\codecanyon-JLlN8pi2-qr-menu-maker-saas-contactless-restaurant-menus\\vendor\\doctrine\\dbal\\lib\\Doctrine\\DBAL\\Driver\\PDOConnection.php:38)
[stacktrace]
#0 E:\\FDM Downloads\\2022-05-30\\codecanyon-JLlN8pi2-qr-menu-maker-saas-contactless-restaurant-menus\\vendor\\doctrine\\dbal\\lib\\Doctrine\\DBAL\\Driver\\PDOConnection.php(38): PDO->__construct('mysql:host=127....', 'root', '', Array)
#1 E:\\FDM Downloads\\2022-05-30\\codecanyon-JLlN8pi2-qr-menu-maker-saas-contactless-restaurant-menus\\vendor\\laravel\\framework\\src\\Illuminate\\Database\\Connectors\\Connector.php(67): Doctrine\\DBAL\\Driver\\PDOConnection->__construct('mysql:host=127....', 'root', '', Array)
#2 E:\\FDM Downloads\\2022-05-30\\codecanyon-JLlN8pi2-qr-menu-maker-saas-contactless-restaurant-menus\\vendor\\laravel\\framework\\src\\Illuminate\\Database\\Connectors\\Connector.php(46): Illuminate\\Database\\Connectors\\Connector->createPdoConnection('mysql:host=127....', 'root', '', Array)
#3 E:\\FDM Downloads\\2022-05-30\\codecanyon-JLlN8pi2-qr-menu-maker-saas-contactless-restaurant-menus\\vendor\\laravel\\framework\\src\\Illuminate\\Database\\Connectors\\MySqlConnector.php(24): Illuminate\\Database\\Connectors\\Connector->createConnection('mysql:host=127....', Array, Array)
#4 E:\\FDM Downloads\\2022-05-30\\codecanyon-JLlN8pi2-qr-menu-maker-saas-contactless-restaurant-menus\\vendor\\laravel\\framework\\src\\Illuminate\\Database\\Connectors\\ConnectionFactory.php(184): Illuminate\\Database\\Connectors\\MySqlConnector->connect(Array)
#5 [internal function]: Illuminate\\Database\\Connectors\\ConnectionFactory->Illuminate\\Database\\Connectors\\{closure}()
#6 E:\\FDM Downloads\\2022-05-30\\codecanyon-JLlN8pi2-qr-menu-maker-saas-contactless-restaurant-menus\\vendor\\laravel\\framework\\src\\Illuminate\\Database\\Connection.php(939): call_user_func(Object(Closure))
#7 E:\\FDM Downloads\\2022-05-30\\codecanyon-JLlN8pi2-qr-menu-maker-saas-contactless-restaurant-menus\\vendor\\mobidonia\\laravel-dashboard-installer\\src\\Controllers\\InstallDatabaseController.php(85): Illuminate\\Database\\Connection->getPdo()
#8 E:\\FDM Downloads\\2022-05-30\\codecanyon-JLlN8pi2-qr-menu-maker-saas-contactless-restaurant-menus\\vendor\\laravel\\framework\\src\\Illuminate\\Routing\\Controller.php(54): dacoto\\LaravelInstaller\\Controllers\\InstallDatabaseController->migrations()
#9 E:\\FDM Downloads\\2022-05-30\\codecanyon-JLlN8pi2-qr-menu-maker-saas-contactless-restaurant-menus\\vendor\\laravel\\framework\\src\\Illuminate\\Routing\\ControllerDispatcher.php(45): Illuminate\\Routing\\Controller->callAction('migrations', Array)
#10 E:\\FDM Downloads\\2022-05-30\\codecanyon-JLlN8pi2-qr-menu-maker-saas-contactless-restaurant-menus\\vendor\\laravel\\framework\\src\\Illuminate\\Routing\\Route.php(254): Illuminate\\Routing\\ControllerDispatcher->dispatch(Object(Illuminate\\Routing\\Route), Object(dacoto\\LaravelInstaller\\Controllers\\InstallDatabaseController), 'migrations')
#11 E:\\FDM Downloads\\2022-05-30\\codecanyon-JLlN8pi2-qr-menu-maker-saas-contactless-restaurant-menus\\vendor\\laravel\\framework\\src\\Illuminate\\Routing\\Route.php(197): Illuminate\\Routing\\Route->runController()
#12 E:\\FDM Downloads\\2022-05-30\\codecanyon-JLlN8pi2-qr-menu-maker-saas-contactless-restaurant-menus\\vendor\\laravel\\framework\\src\\Illuminate\\Routing\\Router.php(693): Illuminate\\Routing\\Route->run()
#13 E:\\FDM Downloads\\2022-05-30\\codecanyon-JLlN8pi2-qr-menu-maker-saas-contactless-restaurant-menus\\vendor\\laravel\\framework\\src\\Illuminate\\Pipeline\\Pipeline.php(128): Illuminate\\Routing\\Router->Illuminate\\Routing\\{closure}(Object(Illuminate\\Http\\Request))
#14 E:\\FDM Downloads\\2022-05-30\\codecanyon-JLlN8pi2-qr-menu-maker-saas-contactless-restaurant-menus\\vendor\\mobidonia\\laravel-dashboard-installer\\src\\Middleware\\InstallerMiddleware.php(23): Illuminate\\Pipeline\\Pipeline->Illuminate\\Pipeline\\{closure}(Object(Illuminate\\Http\\Request))
#15 E:\\FDM Downloads\\2022-05-30\\codecanyon-JLlN8pi2-qr-menu-maker-saas-contactless-restaurant-menus\\vendor\\laravel\\framework\\src\\Illuminate\\Pipeline\\Pipeline.php(167): dacoto\\LaravelInstaller\\Middleware\\InstallerMiddleware->handle(Object(Illuminate\\Http\\Request), Object(Closure))
#16 E:\\FDM Downloads\\2022-05-30\\codecanyon-JLlN8pi2-qr-menu-maker-saas-contactless-restaurant-menus\\vendor\\laravel\\framework\\src\\Illuminate\\Routing\\Middleware\\SubstituteBindings.php(50): Illuminate\\Pipeline\\Pipeline->Illuminate\\Pipeline\\{closure}(Object(Illuminate\\Http\\Request))
#17 E:\\FDM Downloads\\2022-05-30\\codecanyon-JLlN8pi2-qr-menu-maker-saas-contactless-restaurant-menus\\vendor\\laravel\\framework\\src\\Illuminate\\Pipeline\\Pipeline.php(167): Illuminate\\Routing\\Middleware\\SubstituteBindings->handle(Object(Illuminate\\Http\\Request), Object(Closure))
#18 E:\\FDM Downloads\\2022-05-30\\codecanyon-JLlN8pi2-qr-menu-maker-saas-contactless-restaurant-menus\\vendor\\laravel\\framework\\src\\Illuminate\\Foundation\\Http\\Middleware\\VerifyCsrfToken.php(78): Illuminate\\Pipeline\\Pipeline->Illuminate\\Pipeline\\{closure}(Object(Illuminate\\Http\\Request))
#19 E:\\FDM Downloads\\2022-05-30\\codecanyon-JLlN8pi2-qr-menu-maker-saas-contactless-restaurant-menus\\vendor\\laravel\\framework\\src\\Illuminate\\Pipeline\\Pipeline.php(167): Illuminate\\Foundation\\Http\\Middleware\\VerifyCsrfToken->handle(Object(Illuminate\\Http\\Request), Object(Closure))
#20 E:\\FDM Downloads\\2022-05-30\\codecanyon-JLlN8pi2-qr-menu-maker-saas-contactless-restaurant-menus\\vendor\\laravel\\framework\\src\\Illuminate\\View\\Middleware\\ShareErrorsFromSession.php(49): Illuminate\\Pipeline\\Pipeline->Illuminate\\Pipeline\\{closure}(Object(Illuminate\\Http\\Request))
#21 E:\\FDM Downloads\\2022-05-30\\codecanyon-JLlN8pi2-qr-menu-maker-saas-contactless-restaurant-menus\\vendor\\laravel\\framework\\src\\Illuminate\\Pipeline\\Pipeline.php(167): Illuminate\\View\\Middleware\\ShareErrorsFromSession->handle(Object(Illuminate\\Http\\Request), Object(Closure))
#22 E:\\FDM Downloads\\2022-05-30\\codecanyon-JLlN8pi2-qr-menu-maker-saas-contactless-restaurant-menus\\app\\Http\\Middleware\\Language.php(31): Illuminate\\Pipeline\\Pipeline->Illuminate\\Pipeline\\{closure}(Object(Illuminate\\Http\\Request))
#23 E:\\FDM Downloads\\2022-05-30\\codecanyon-JLlN8pi2-qr-menu-maker-saas-contactless-restaurant-menus\\vendor\\laravel\\framework\\src\\Illuminate\\Pipeline\\Pipeline.php(167): App\\Http\\Middleware\\Language->handle(Object(Illuminate\\Http\\Request), Object(Closure))
#24 E:\\FDM Downloads\\2022-05-30\\codecanyon-JLlN8pi2-qr-menu-maker-saas-contactless-restaurant-menus\\vendor\\laravel\\framework\\src\\Illuminate\\Session\\Middleware\\StartSession.php(121): Illuminate\\Pipeline\\Pipeline->Illuminate\\Pipeline\\{closure}(Object(Illuminate\\Http\\Request))
#25 E:\\FDM Downloads\\2022-05-30\\codecanyon-JLlN8pi2-qr-menu-maker-saas-contactless-restaurant-menus\\vendor\\laravel\\framework\\src\\Illuminate\\Session\\Middleware\\StartSession.php(63): Illuminate\\Session\\Middleware\\StartSession->handleStatefulRequest(Object(Illuminate\\Http\\Request), Object(Illuminate\\Session\\Store), Object(Closure))
#26 E:\\FDM Downloads\\2022-05-30\\codecanyon-JLlN8pi2-qr-menu-maker-saas-contactless-restaurant-menus\\vendor\\laravel\\framework\\src\\Illuminate\\Pipeline\\Pipeline.php(167): Illuminate\\Session\\Middleware\\StartSession->handle(Object(Illuminate\\Http\\Request), Object(Closure))
#27 E:\\FDM Downloads\\2022-05-30\\codecanyon-JLlN8pi2-qr-menu-maker-saas-contactless-restaurant-menus\\vendor\\laravel\\framework\\src\\Illuminate\\Cookie\\Middleware\\AddQueuedCookiesToResponse.php(37): Illuminate\\Pipeline\\Pipeline->Illuminate\\Pipeline\\{closure}(Object(Illuminate\\Http\\Request))
#28 E:\\FDM Downloads\\2022-05-30\\codecanyon-JLlN8pi2-qr-menu-maker-saas-contactless-restaurant-menus\\vendor\\laravel\\framework\\src\\Illuminate\\Pipeline\\Pipeline.php(167): Illuminate\\Cookie\\Middleware\\AddQueuedCookiesToResponse->handle(Object(Illuminate\\Http\\Request), Object(Closure))
#29 E:\\FDM Downloads\\2022-05-30\\codecanyon-JLlN8pi2-qr-menu-maker-saas-contactless-restaurant-menus\\vendor\\laravel\\framework\\src\\Illuminate\\Cookie\\Middleware\\EncryptCookies.php(67): Illuminate\\Pipeline\\Pipeline->Illuminate\\Pipeline\\{closure}(Object(Illuminate\\Http\\Request))
#30 E:\\FDM Downloads\\2022-05-30\\codecanyon-JLlN8pi2-qr-menu-maker-saas-contactless-restaurant-menus\\vendor\\laravel\\framework\\src\\Illuminate\\Pipeline\\Pipeline.php(167): Illuminate\\Cookie\\Middleware\\EncryptCookies->handle(Object(Illuminate\\Http\\Request), Object(Closure))
#31 E:\\FDM Downloads\\2022-05-30\\codecanyon-JLlN8pi2-qr-menu-maker-saas-contactless-restaurant-menus\\vendor\\mobidonia\\laravel-dashboard-installer\\src\\Middleware\\ToInstallMiddleware.php(23): Illuminate\\Pipeline\\Pipeline->Illuminate\\Pipeline\\{closure}(Object(Illuminate\\Http\\Request))
#32 E:\\FDM Downloads\\2022-05-30\\codecanyon-JLlN8pi2-qr-menu-maker-saas-contactless-restaurant-menus\\vendor\\laravel\\framework\\src\\Illuminate\\Pipeline\\Pipeline.php(167): dacoto\\LaravelInstaller\\Middleware\\ToInstallMiddleware->handle(Object(Illuminate\\Http\\Request), Object(Closure))
#33 E:\\FDM Downloads\\2022-05-30\\codecanyon-JLlN8pi2-qr-menu-maker-saas-contactless-restaurant-menus\\vendor\\laravel\\framework\\src\\Illuminate\\Pipeline\\Pipeline.php(103): Illuminate\\Pipeline\\Pipeline->Illuminate\\Pipeline\\{closure}(Object(Illuminate\\Http\\Request))
#34 E:\\FDM Downloads\\2022-05-30\\codecanyon-JLlN8pi2-qr-menu-maker-saas-contactless-restaurant-menus\\vendor\\laravel\\framework\\src\\Illuminate\\Routing\\Router.php(695): Illuminate\\Pipeline\\Pipeline->then(Object(Closure))
#35 E:\\FDM Downloads\\2022-05-30\\codecanyon-JLlN8pi2-qr-menu-maker-saas-contactless-restaurant-menus\\vendor\\laravel\\framework\\src\\Illuminate\\Routing\\Router.php(670): Illuminate\\Routing\\Router->runRouteWithinStack(Object(Illuminate\\Routing\\Route), Object(Illuminate\\Http\\Request))
#36 E:\\FDM Downloads\\2022-05-30\\codecanyon-JLlN8pi2-qr-menu-maker-saas-contactless-restaurant-menus\\vendor\\laravel\\framework\\src\\Illuminate\\Routing\\Router.php(636): Illuminate\\Routing\\Router->runRoute(Object(Illuminate\\Http\\Request), Object(Illuminate\\Routing\\Route))
#37 E:\\FDM Downloads\\2022-05-30\\codecanyon-JLlN8pi2-qr-menu-maker-saas-contactless-restaurant-menus\\vendor\\laravel\\framework\\src\\Illuminate\\Routing\\Router.php(625): Illuminate\\Routing\\Router->dispatchToRoute(Object(Illuminate\\Http\\Request))
#38 E:\\FDM Downloads\\2022-05-30\\codecanyon-JLlN8pi2-qr-menu-maker-saas-contactless-restaurant-menus\\vendor\\laravel\\framework\\src\\Illuminate\\Foundation\\Http\\Kernel.php(166): Illuminate\\Routing\\Router->dispatch(Object(Illuminate\\Http\\Request))
#39 E:\\FDM Downloads\\2022-05-30\\codecanyon-JLlN8pi2-qr-menu-maker-saas-contactless-restaurant-menus\\vendor\\laravel\\framework\\src\\Illuminate\\Pipeline\\Pipeline.php(128): Illuminate\\Foundation\\Http\\Kernel->Illuminate\\Foundation\\Http\\{closure}(Object(Illuminate\\Http\\Request))
#40 E:\\FDM Downloads\\2022-05-30\\codecanyon-JLlN8pi2-qr-menu-maker-saas-contactless-restaurant-menus\\vendor\\barryvdh\\laravel-debugbar\\src\\Middleware\\InjectDebugbar.php(60): Illuminate\\Pipeline\\Pipeline->Illuminate\\Pipeline\\{closure}(Object(Illuminate\\Http\\Request))
#41 E:\\FDM Downloads\\2022-05-30\\codecanyon-JLlN8pi2-qr-menu-maker-saas-contactless-restaurant-menus\\vendor\\laravel\\framework\\src\\Illuminate\\Pipeline\\Pipeline.php(167): Barryvdh\\Debugbar\\Middleware\\InjectDebugbar->handle(Object(Illuminate\\Http\\Request), Object(Closure))
#42 E:\\FDM Downloads\\2022-05-30\\codecanyon-JLlN8pi2-qr-menu-maker-saas-contactless-restaurant-menus\\vendor\\laravel\\framework\\src\\Illuminate\\Foundation\\Http\\Middleware\\TransformsRequest.php(21): Illuminate\\Pipeline\\Pipeline->Illuminate\\Pipeline\\{closure}(Object(Illuminate\\Http\\Request))
#43 E:\\FDM Downloads\\2022-05-30\\codecanyon-JLlN8pi2-qr-menu-maker-saas-contactless-restaurant-menus\\vendor\\laravel\\framework\\src\\Illuminate\\Pipeline\\Pipeline.php(167): Illuminate\\Foundation\\Http\\Middleware\\TransformsRequest->handle(Object(Illuminate\\Http\\Request), Object(Closure))
#44 E:\\FDM Downloads\\2022-05-30\\codecanyon-JLlN8pi2-qr-menu-maker-saas-contactless-restaurant-menus\\vendor\\laravel\\framework\\src\\Illuminate\\Foundation\\Http\\Middleware\\TransformsRequest.php(21): Illuminate\\Pipeline\\Pipeline->Illuminate\\Pipeline\\{closure}(Object(Illuminate\\Http\\Request))
#45 E:\\FDM Downloads\\2022-05-30\\codecanyon-JLlN8pi2-qr-menu-maker-saas-contactless-restaurant-menus\\vendor\\laravel\\framework\\src\\Illuminate\\Pipeline\\Pipeline.php(167): Illuminate\\Foundation\\Http\\Middleware\\TransformsRequest->handle(Object(Illuminate\\Http\\Request), Object(Closure))
#46 E:\\FDM Downloads\\2022-05-30\\codecanyon-JLlN8pi2-qr-menu-maker-saas-contactless-restaurant-menus\\vendor\\laravel\\framework\\src\\Illuminate\\Foundation\\Http\\Middleware\\ValidatePostSize.php(27): Illuminate\\Pipeline\\Pipeline->Illuminate\\Pipeline\\{closure}(Object(Illuminate\\Http\\Request))
#47 E:\\FDM Downloads\\2022-05-30\\codecanyon-JLlN8pi2-qr-menu-maker-saas-contactless-restaurant-menus\\vendor\\laravel\\framework\\src\\Illuminate\\Pipeline\\Pipeline.php(167): Illuminate\\Foundation\\Http\\Middleware\\ValidatePostSize->handle(Object(Illuminate\\Http\\Request), Object(Closure))
#48 E:\\FDM Downloads\\2022-05-30\\codecanyon-JLlN8pi2-qr-menu-maker-saas-contactless-restaurant-menus\\vendor\\laravel\\framework\\src\\Illuminate\\Foundation\\Http\\Middleware\\PreventRequestsDuringMaintenance.php(86): Illuminate\\Pipeline\\Pipeline->Illuminate\\Pipeline\\{closure}(Object(Illuminate\\Http\\Request))
#49 E:\\FDM Downloads\\2022-05-30\\codecanyon-JLlN8pi2-qr-menu-maker-saas-contactless-restaurant-menus\\vendor\\laravel\\framework\\src\\Illuminate\\Pipeline\\Pipeline.php(167): Illuminate\\Foundation\\Http\\Middleware\\PreventRequestsDuringMaintenance->handle(Object(Illuminate\\Http\\Request), Object(Closure))
#50 E:\\FDM Downloads\\2022-05-30\\codecanyon-JLlN8pi2-qr-menu-maker-saas-contactless-restaurant-menus\\vendor\\fruitcake\\laravel-cors\\src\\HandleCors.php(37): Illuminate\\Pipeline\\Pipeline->Illuminate\\Pipeline\\{closure}(Object(Illuminate\\Http\\Request))
#51 E:\\FDM Downloads\\2022-05-30\\codecanyon-JLlN8pi2-qr-menu-maker-saas-contactless-restaurant-menus\\vendor\\laravel\\framework\\src\\Illuminate\\Pipeline\\Pipeline.php(167): Fruitcake\\Cors\\HandleCors->handle(Object(Illuminate\\Http\\Request), Object(Closure))
#52 E:\\FDM Downloads\\2022-05-30\\codecanyon-JLlN8pi2-qr-menu-maker-saas-contactless-restaurant-menus\\vendor\\fideloper\\proxy\\src\\TrustProxies.php(57): Illuminate\\Pipeline\\Pipeline->Illuminate\\Pipeline\\{closure}(Object(Illuminate\\Http\\Request))
#53 E:\\FDM Downloads\\2022-05-30\\codecanyon-JLlN8pi2-qr-menu-maker-saas-contactless-restaurant-menus\\vendor\\laravel\\framework\\src\\Illuminate\\Pipeline\\Pipeline.php(167): Fideloper\\Proxy\\TrustProxies->handle(Object(Illuminate\\Http\\Request), Object(Closure))
#54 E:\\FDM Downloads\\2022-05-30\\codecanyon-JLlN8pi2-qr-menu-maker-saas-contactless-restaurant-menus\\vendor\\laravel\\framework\\src\\Illuminate\\Pipeline\\Pipeline.php(103): Illuminate\\Pipeline\\Pipeline->Illuminate\\Pipeline\\{closure}(Object(Illuminate\\Http\\Request))
#55 E:\\FDM Downloads\\2022-05-30\\codecanyon-JLlN8pi2-qr-menu-maker-saas-contactless-restaurant-menus\\vendor\\laravel\\framework\\src\\Illuminate\\Foundation\\Http\\Kernel.php(141): Illuminate\\Pipeline\\Pipeline->then(Object(Closure))
#56 E:\\FDM Downloads\\2022-05-30\\codecanyon-JLlN8pi2-qr-menu-maker-saas-contactless-restaurant-menus\\vendor\\laravel\\framework\\src\\Illuminate\\Foundation\\Http\\Kernel.php(110): Illuminate\\Foundation\\Http\\Kernel->sendRequestThroughRouter(Object(Illuminate\\Http\\Request))
#57 E:\\FDM Downloads\\2022-05-30\\codecanyon-JLlN8pi2-qr-menu-maker-saas-contactless-restaurant-menus\\public\\index.php(52): Illuminate\\Foundation\\Http\\Kernel->handle(Object(Illuminate\\Http\\Request))
#58 E:\\FDM Downloads\\2022-05-30\\codecanyon-JLlN8pi2-qr-menu-maker-saas-contactless-restaurant-menus\\server.php(21): require_once('E:\\\\FDM Download...')
#59 {main}
"} 
